<?xml version="1.0" encoding="UTF-8"?>
<!-- Generated by org.testng.reporters.JUnitReportReporter -->
<testsuite hostname="dell-PC" name="test0008.NewTest" tests="1" failures="0" timestamp="20 Sep 2019 04:58:55 GMT" time="0.167" errors="0">
  <testcase name="f" time="0.167" classname="test0008.NewTest"/>
</testsuite> <!-- test0008.NewTest -->
