<?xml version="1.0" encoding="UTF-8"?>
<!-- Generated by org.testng.reporters.JUnitReportReporter -->
<testsuite hostname="dell-PC" name="test0008.NewTest002" tests="4" failures="0" timestamp="20 Sep 2019 04:58:55 GMT" time="0.017" errors="0">
  <testcase name="f2" time="0.005" classname="test0008.NewTest002"/>
  <testcase name="f4" time="0.004" classname="test0008.NewTest002"/>
  <testcase name="f1" time="0.004" classname="test0008.NewTest002"/>
  <testcase name="f3" time="0.004" classname="test0008.NewTest002"/>
</testsuite> <!-- test0008.NewTest002 -->
